Base path: 'C:/Program Files/Unity/Hub/Editor/2019.4.11f1/Editor/Data', plugins path 'C:/Program Files/Unity/Hub/Editor/2019.4.11f1/Editor/Data/PlaybackEngines'
Cmd: initializeCompiler
Cmd: compileSnippet
  api=4 type=1 insize=11846 outsize=5706 kw=SHADOWS_SPLIT_SPHERES pd=UNITY_ENABLE_REFLECTION_BUFFERS UNITY_USE_DITHER_MASK_FOR_ALPHABLENDED_SHADOWS UNITY_PBS_USE_BRDF1 UNITY_SPECCUBE_BOX_PROJECTION UNITY_SPECCUBE_BLENDING UNITY_ENABLE_DETAIL_NORMALMAP SHADER_API_DESKTOP UNITY_COLORSPACE_GAMMA UNITY_LIGHT_PROBE_PROXY_VOLUME UNITY_LIGHTMAP_FULL_HDR ok=1
Cmd: compileSnippet
  api=4 type=0 insize=2815 outsize=1198 kw=SOFTPARTICLES_ON pd=UNITY_ENABLE_REFLECTION_BUFFERS UNITY_USE_DITHER_MASK_FOR_ALPHABLENDED_SHADOWS UNITY_PBS_USE_BRDF1 UNITY_SPECCUBE_BOX_PROJECTION UNITY_SPECCUBE_BLENDING UNITY_ENABLE_DETAIL_NORMALMAP SHADER_API_DESKTOP UNITY_COLORSPACE_GAMMA UNITY_LIGHT_PROBE_PROXY_VOLUME UNITY_LIGHTMAP_FULL_HDR ok=1
Cmd: compileSnippet
  api=4 type=1 insize=1602 outsize=7190 kw=UNITY_PASS_FORWARDBASE DIRECTIONAL SHADOWS_SCREEN LIGHTPROBE_SH pd=UNITY_ENABLE_REFLECTION_BUFFERS UNITY_USE_DITHER_MASK_FOR_ALPHABLENDED_SHADOWS UNITY_PBS_USE_BRDF1 UNITY_SPECCUBE_BOX_PROJECTION UNITY_SPECCUBE_BLENDING UNITY_ENABLE_DETAIL_NORMALMAP SHADER_API_DESKTOP UNITY_COLORSPACE_GAMMA UNITY_LIGHT_PROBE_PROXY_VOLUME UNITY_LIGHTMAP_FULL_HDR ok=1
Cmd: initializeCompiler
Cmd: compileComputeKernel
  api=4 insize=21596 outsize=94670 ok=1
Cmd: compileComputeKernel
  api=4 insize=9615 outsize=4297 ok=1
Cmd: compileComputeKernel
  api=4 insize=9809 outsize=6357 ok=1
Cmd: compileComputeKernel
  api=4 insize=9809 outsize=7570 ok=1
Cmd: compileComputeKernel
  api=4 insize=17994 outsize=8303 ok=1
Cmd: compileComputeKernel
  api=4 insize=4823 outsize=662 ok=1
Cmd: compileComputeKernel
  api=4 insize=4823 outsize=682 ok=1
Cmd: compileComputeKernel
  api=4 insize=4823 outsize=667 ok=1
Cmd: compileComputeKernel
  api=4 insize=14139 outsize=2201 ok=1
Cmd: compileComputeKernel
  api=4 insize=11086 outsize=880 ok=1
Cmd: compileComputeKernel
  api=4 insize=11086 outsize=4742 ok=1
Cmd: compileComputeKernel
  api=4 insize=40264 outsize=41874 ok=1
Cmd: compileComputeKernel
  api=4 insize=40264 outsize=41056 ok=1
Cmd: compileComputeKernel
  api=4 insize=3450 outsize=1076 ok=1
Cmd: compileComputeKernel
  api=4 insize=22295 outsize=15906 ok=1
Cmd: compileComputeKernel
  api=4 insize=3718 outsize=1426 ok=1
Cmd: compileComputeKernel
  api=4 insize=7840 outsize=7481 ok=1
Cmd: compileComputeKernel
  api=4 insize=22339 outsize=2349 ok=1
Cmd: compileComputeKernel
  api=4 insize=6119 outsize=2417 ok=1
Cmd: compileComputeKernel
  api=4 insize=6745 outsize=1297 ok=1
Cmd: compileComputeKernel
  api=4 insize=6745 outsize=1574 ok=1
Cmd: compileComputeKernel
  api=4 insize=6745 outsize=919 ok=1
Cmd: compileComputeKernel
  api=4 insize=9103 outsize=2745 ok=1
Cmd: compileComputeKernel
  api=4 insize=26542 outsize=15619 ok=1
Cmd: compileComputeKernel
  api=4 insize=16295 outsize=115916 ok=1
Cmd: compileComputeKernel
  api=4 insize=16295 outsize=34544 ok=1
Cmd: compileComputeKernel
  api=4 insize=16295 outsize=23938 ok=1
Cmd: compileComputeKernel
  api=4 insize=16295 outsize=33512 ok=1
Cmd: compileComputeKernel
  api=4 insize=16295 outsize=60190 ok=1
Cmd: compileComputeKernel
  api=4 insize=16295 outsize=47854 ok=1
Cmd: compileComputeKernel
  api=4 insize=16295 outsize=81907 ok=1
Cmd: compileComputeKernel
  api=4 insize=28593 outsize=839 ok=1
Cmd: compileComputeKernel
  api=4 insize=2557 outsize=757 ok=1
Cmd: compileComputeKernel
  api=4 insize=12177 outsize=1307 ok=1
Cmd: compileComputeKernel
  api=4 insize=7589 outsize=6586 ok=1
Cmd: compileComputeKernel
  api=4 insize=8784 outsize=94055 ok=1
Cmd: compileSnippet
  api=4 type=0 insize=1602 outsize=1894 kw=UNITY_PASS_FORWARDBASE DIRECTIONAL LIGHTPROBE_SH pd=UNITY_ENABLE_REFLECTION_BUFFERS UNITY_USE_DITHER_MASK_FOR_ALPHABLENDED_SHADOWS UNITY_PBS_USE_BRDF1 UNITY_SPECCUBE_BOX_PROJECTION UNITY_SPECCUBE_BLENDING UNITY_ENABLE_DETAIL_NORMALMAP SHADER_API_DESKTOP UNITY_LIGHT_PROBE_PROXY_VOLUME UNITY_LIGHTMAP_FULL_HDR ok=1
Cmd: compileSnippet
  api=4 type=1 insize=6948 outsize=142 kw=UNITY_PASS_SHADOWCASTER _NORMALMAP_TANGENT_SPACE pd=UNITY_ENABLE_REFLECTION_BUFFERS UNITY_USE_DITHER_MASK_FOR_ALPHABLENDED_SHADOWS UNITY_PBS_USE_BRDF1 UNITY_SPECCUBE_BOX_PROJECTION UNITY_SPECCUBE_BLENDING UNITY_ENABLE_DETAIL_NORMALMAP SHADER_API_DESKTOP UNITY_LIGHT_PROBE_PROXY_VOLUME UNITY_LIGHTMAP_FULL_HDR ok=1
Cmd: initializeCompiler
Cmd: compileComputeKernel
  api=4 insize=18731 outsize=8873 ok=1
Cmd: compileComputeKernel
  api=4 insize=5032 outsize=5412 ok=1
Cmd: compileComputeKernel
  api=4 insize=11176 outsize=9840 ok=1
Cmd: compileSnippet
  api=4 type=0 insize=7919 outsize=1874 kw=DEBUG_DISPLAY DECALS_3RT _NORMALMAP_TANGENT_SPACE pd=UNITY_ENABLE_REFLECTION_BUFFERS UNITY_USE_DITHER_MASK_FOR_ALPHABLENDED_SHADOWS UNITY_PBS_USE_BRDF1 UNITY_SPECCUBE_BOX_PROJECTION UNITY_SPECCUBE_BLENDING UNITY_ENABLE_DETAIL_NORMALMAP SHADER_API_DESKTOP UNITY_LIGHT_PROBE_PROXY_VOLUME UNITY_LIGHTMAP_FULL_HDR ok=1
Cmd: compileSnippet
  api=4 type=1 insize=8987 outsize=98410 kw=DEBUG_DISPLAY DECALS_3RT SHADOW_MEDIUM USE_CLUSTERED_LIGHTLIST pd=UNITY_ENABLE_REFLECTION_BUFFERS UNITY_USE_DITHER_MASK_FOR_ALPHABLENDED_SHADOWS UNITY_PBS_USE_BRDF1 UNITY_SPECCUBE_BOX_PROJECTION UNITY_SPECCUBE_BLENDING UNITY_ENABLE_DETAIL_NORMALMAP SHADER_API_DESKTOP UNITY_LIGHT_PROBE_PROXY_VOLUME UNITY_LIGHTMAP_FULL_HDR ok=1
