Base path: 'C:/Program Files/Unity/Hub/Editor/2019.4.11f1/Editor/Data', plugins path 'C:/Program Files/Unity/Hub/Editor/2019.4.11f1/Editor/Data/PlaybackEngines'
Cmd: initializeCompiler
Cmd: compileSnippet
  api=4 type=1 insize=20436 outsize=6946 kw=UNITY_PASS_FORWARDBASE DIRECTIONAL SHADOWS_SCREEN LIGHTPROBE_SH pd=UNITY_ENABLE_REFLECTION_BUFFERS UNITY_USE_DITHER_MASK_FOR_ALPHABLENDED_SHADOWS UNITY_PBS_USE_BRDF1 UNITY_SPECCUBE_BOX_PROJECTION UNITY_SPECCUBE_BLENDING UNITY_ENABLE_DETAIL_NORMALMAP SHADER_API_DESKTOP UNITY_COLORSPACE_GAMMA UNITY_LIGHT_PROBE_PROXY_VOLUME UNITY_LIGHTMAP_FULL_HDR ok=1
Cmd: compileSnippet
  api=4 type=1 insize=2815 outsize=798 kw=SOFTPARTICLES_ON pd=UNITY_ENABLE_REFLECTION_BUFFERS UNITY_USE_DITHER_MASK_FOR_ALPHABLENDED_SHADOWS UNITY_PBS_USE_BRDF1 UNITY_SPECCUBE_BOX_PROJECTION UNITY_SPECCUBE_BLENDING UNITY_ENABLE_DETAIL_NORMALMAP SHADER_API_DESKTOP UNITY_COLORSPACE_GAMMA UNITY_LIGHT_PROBE_PROXY_VOLUME UNITY_LIGHTMAP_FULL_HDR ok=1
Cmd: compileSnippet
  api=4 type=0 insize=1602 outsize=2002 kw=UNITY_PASS_FORWARDBASE DIRECTIONAL SHADOWS_SCREEN LIGHTPROBE_SH pd=UNITY_ENABLE_REFLECTION_BUFFERS UNITY_USE_DITHER_MASK_FOR_ALPHABLENDED_SHADOWS UNITY_PBS_USE_BRDF1 UNITY_SPECCUBE_BOX_PROJECTION UNITY_SPECCUBE_BLENDING UNITY_ENABLE_DETAIL_NORMALMAP SHADER_API_DESKTOP UNITY_COLORSPACE_GAMMA UNITY_LIGHT_PROBE_PROXY_VOLUME UNITY_LIGHTMAP_FULL_HDR ok=1
Cmd: initializeCompiler
Cmd: compileComputeKernel
  api=4 insize=21596 outsize=27350 ok=1
Cmd: compileComputeKernel
  api=4 insize=9615 outsize=471 ok=1
Cmd: compileComputeKernel
  api=4 insize=4528 outsize=3183 ok=1
Cmd: compileComputeKernel
  api=4 insize=9809 outsize=8504 ok=1
Cmd: compileComputeKernel
  api=4 insize=9809 outsize=6450 ok=1
Cmd: compileComputeKernel
  api=4 insize=4823 outsize=2751 ok=1
Cmd: compileComputeKernel
  api=4 insize=2617 outsize=869 ok=1
Cmd: compileComputeKernel
  api=4 insize=14139 outsize=2343 ok=1
Cmd: compileComputeKernel
  api=4 insize=11086 outsize=666 ok=1
Cmd: compileComputeKernel
  api=4 insize=11086 outsize=4742 ok=1
Cmd: compileComputeKernel
  api=4 insize=40264 outsize=41056 ok=1
Cmd: compileComputeKernel
  api=4 insize=40264 outsize=41874 ok=1
Cmd: compileComputeKernel
  api=4 insize=3450 outsize=1164 ok=1
Cmd: compileComputeKernel
  api=4 insize=22295 outsize=14637 ok=1
Cmd: compileComputeKernel
  api=4 insize=11494 outsize=257 ok=1
Cmd: compileComputeKernel
  api=4 insize=2307 outsize=987 ok=1
Cmd: compileComputeKernel
  api=4 insize=9735 outsize=8301 ok=1
Cmd: compileComputeKernel
  api=4 insize=7840 outsize=7432 ok=1
Cmd: compileComputeKernel
  api=4 insize=22339 outsize=982 ok=1
Cmd: compileComputeKernel
  api=4 insize=6119 outsize=2809 ok=1
Cmd: compileComputeKernel
  api=4 insize=6745 outsize=1485 ok=1
Cmd: compileComputeKernel
  api=4 insize=6745 outsize=1877 ok=1
Cmd: compileComputeKernel
  api=4 insize=6745 outsize=988 ok=1
Cmd: compileComputeKernel
  api=4 insize=8512 outsize=2100 ok=1
Cmd: compileComputeKernel
  api=4 insize=9103 outsize=4256 ok=1
Cmd: compileComputeKernel
  api=4 insize=26542 outsize=15695 ok=1
Cmd: compileComputeKernel
  api=4 insize=16295 outsize=35925 ok=1
Cmd: compileComputeKernel
  api=4 insize=16295 outsize=67477 ok=1
Cmd: compileComputeKernel
  api=4 insize=16295 outsize=38618 ok=1
Cmd: compileComputeKernel
  api=4 insize=16295 outsize=70186 ok=1
Cmd: compileComputeKernel
  api=4 insize=16295 outsize=16046 ok=1
Cmd: compileComputeKernel
  api=4 insize=16295 outsize=50897 ok=1
Cmd: compileComputeKernel
  api=4 insize=16295 outsize=35998 ok=1
Cmd: compileComputeKernel
  api=4 insize=16295 outsize=35897 ok=1
Cmd: compileComputeKernel
  api=4 insize=16295 outsize=60338 ok=1
Cmd: compileComputeKernel
  api=4 insize=16295 outsize=72563 ok=1
Cmd: compileComputeKernel
  api=4 insize=3697 outsize=3162 ok=1
Cmd: compileComputeKernel
  api=4 insize=28593 outsize=16306 ok=1
Cmd: compileComputeKernel
  api=4 insize=7589 outsize=1261 ok=1
Cmd: compileComputeKernel
  api=4 insize=13959 outsize=2134 ok=1
Cmd: compileComputeKernel
  api=4 insize=10587 outsize=1413 ok=1
Cmd: compileSnippet
  api=4 type=0 insize=1302 outsize=1414 kw=UNITY_PASS_SHADOWCASTER SHADOWS_DEPTH pd=UNITY_ENABLE_REFLECTION_BUFFERS UNITY_USE_DITHER_MASK_FOR_ALPHABLENDED_SHADOWS UNITY_PBS_USE_BRDF1 UNITY_SPECCUBE_BOX_PROJECTION UNITY_SPECCUBE_BLENDING UNITY_ENABLE_DETAIL_NORMALMAP SHADER_API_DESKTOP UNITY_LIGHT_PROBE_PROXY_VOLUME UNITY_LIGHTMAP_FULL_HDR ok=1
Cmd: compileSnippet
  api=4 type=1 insize=3073 outsize=1050 kw= pd=UNITY_ENABLE_REFLECTION_BUFFERS UNITY_USE_DITHER_MASK_FOR_ALPHABLENDED_SHADOWS UNITY_PBS_USE_BRDF1 UNITY_SPECCUBE_BOX_PROJECTION UNITY_SPECCUBE_BLENDING UNITY_ENABLE_DETAIL_NORMALMAP SHADER_API_DESKTOP UNITY_LIGHT_PROBE_PROXY_VOLUME UNITY_LIGHTMAP_FULL_HDR ok=1
Cmd: compileSnippet
  api=4 type=1 insize=1302 outsize=602 kw=UNITY_PASS_SHADOWCASTER SHADOWS_DEPTH _ALPHABLEND_ON pd=UNITY_ENABLE_REFLECTION_BUFFERS UNITY_USE_DITHER_MASK_FOR_ALPHABLENDED_SHADOWS UNITY_PBS_USE_BRDF1 UNITY_SPECCUBE_BOX_PROJECTION UNITY_SPECCUBE_BLENDING UNITY_ENABLE_DETAIL_NORMALMAP SHADER_API_DESKTOP UNITY_LIGHT_PROBE_PROXY_VOLUME UNITY_LIGHTMAP_FULL_HDR ok=1
Cmd: compileSnippet
  api=4 type=0 insize=1302 outsize=1534 kw=UNITY_PASS_SHADOWCASTER SHADOWS_DEPTH _ALPHAPREMULTIPLY_ON pd=UNITY_ENABLE_REFLECTION_BUFFERS UNITY_USE_DITHER_MASK_FOR_ALPHABLENDED_SHADOWS UNITY_PBS_USE_BRDF1 UNITY_SPECCUBE_BOX_PROJECTION UNITY_SPECCUBE_BLENDING UNITY_ENABLE_DETAIL_NORMALMAP SHADER_API_DESKTOP UNITY_LIGHT_PROBE_PROXY_VOLUME UNITY_LIGHTMAP_FULL_HDR ok=1
Cmd: compileSnippet
  api=4 type=0 insize=7919 outsize=1726 kw=DECALS_3RT _NORMALMAP_TANGENT_SPACE pd=UNITY_ENABLE_REFLECTION_BUFFERS UNITY_USE_DITHER_MASK_FOR_ALPHABLENDED_SHADOWS UNITY_PBS_USE_BRDF1 UNITY_SPECCUBE_BOX_PROJECTION UNITY_SPECCUBE_BLENDING UNITY_ENABLE_DETAIL_NORMALMAP SHADER_API_DESKTOP UNITY_LIGHT_PROBE_PROXY_VOLUME UNITY_LIGHTMAP_FULL_HDR ok=1
Cmd: compileSnippet
  api=4 type=1 insize=7331 outsize=562 kw=UNITY_PASS_MOTIONVECTORS _NORMALMAP_TANGENT_SPACE pd=UNITY_ENABLE_REFLECTION_BUFFERS UNITY_USE_DITHER_MASK_FOR_ALPHABLENDED_SHADOWS UNITY_PBS_USE_BRDF1 UNITY_SPECCUBE_BOX_PROJECTION UNITY_SPECCUBE_BLENDING UNITY_ENABLE_DETAIL_NORMALMAP SHADER_API_DESKTOP UNITY_LIGHT_PROBE_PROXY_VOLUME UNITY_LIGHTMAP_FULL_HDR ok=1
Cmd: initializeCompiler
Cmd: compileComputeKernel
  api=4 insize=18731 outsize=8523 ok=1
Cmd: compileComputeKernel
  api=4 insize=1226 outsize=772 ok=1
Cmd: compileComputeKernel
  api=4 insize=1864 outsize=561 ok=1
Cmd: compileSnippet
  api=4 type=0 insize=7443 outsize=810 kw= pd=UNITY_ENABLE_REFLECTION_BUFFERS UNITY_USE_DITHER_MASK_FOR_ALPHABLENDED_SHADOWS UNITY_PBS_USE_BRDF1 UNITY_SPECCUBE_BOX_PROJECTION UNITY_SPECCUBE_BLENDING UNITY_ENABLE_DETAIL_NORMALMAP SHADER_API_DESKTOP UNITY_LIGHT_PROBE_PROXY_VOLUME UNITY_LIGHTMAP_FULL_HDR ok=1
