Base path: 'C:/Program Files/Unity/Hub/Editor/2019.4.11f1/Editor/Data', plugins path 'C:/Program Files/Unity/Hub/Editor/2019.4.11f1/Editor/Data/PlaybackEngines'
Cmd: initializeCompiler
Cmd: compileSnippet
  api=4 type=0 insize=20436 outsize=1786 kw=UNITY_PASS_FORWARDBASE DIRECTIONAL SHADOWS_SCREEN LIGHTPROBE_SH pd=UNITY_ENABLE_REFLECTION_BUFFERS UNITY_USE_DITHER_MASK_FOR_ALPHABLENDED_SHADOWS UNITY_PBS_USE_BRDF1 UNITY_SPECCUBE_BOX_PROJECTION UNITY_SPECCUBE_BLENDING UNITY_ENABLE_DETAIL_NORMALMAP SHADER_API_DESKTOP UNITY_COLORSPACE_GAMMA UNITY_LIGHT_PROBE_PROXY_VOLUME UNITY_LIGHTMAP_FULL_HDR ok=1
Cmd: initializeCompiler
Cmd: compileComputeKernel
  api=4 insize=16804 outsize=8237 ok=1
Cmd: compileComputeKernel
  api=4 insize=9809 outsize=7389 ok=1
Cmd: compileComputeKernel
  api=4 insize=9809 outsize=8685 ok=1
Cmd: compileComputeKernel
  api=4 insize=17994 outsize=7462 ok=1
Cmd: compileComputeKernel
  api=4 insize=4823 outsize=2835 ok=1
Cmd: compileComputeKernel
  api=4 insize=5899 outsize=6007 ok=1
Cmd: compileComputeKernel
  api=4 insize=14139 outsize=666 ok=1
Cmd: compileComputeKernel
  api=4 insize=11086 outsize=4699 ok=1
Cmd: compileComputeKernel
  api=4 insize=3111 outsize=3237 ok=1
Cmd: compileComputeKernel
  api=4 insize=40264 outsize=37933 ok=1
Cmd: compileComputeKernel
  api=4 insize=40264 outsize=36609 ok=1
Cmd: compileComputeKernel
  api=4 insize=8511 outsize=1015 ok=1
Cmd: compileComputeKernel
  api=4 insize=3450 outsize=1076 ok=1
Cmd: compileComputeKernel
  api=4 insize=22295 outsize=14875 ok=1
Cmd: compileComputeKernel
  api=4 insize=11494 outsize=3279 ok=1
Cmd: compileComputeKernel
  api=4 insize=9202 outsize=6233 ok=1
Cmd: compileComputeKernel
  api=4 insize=7840 outsize=8036 ok=1
Cmd: compileComputeKernel
  api=4 insize=22339 outsize=5115 ok=1
Cmd: compileComputeKernel
  api=4 insize=6119 outsize=2156 ok=1
Cmd: compileComputeKernel
  api=4 insize=6745 outsize=695 ok=1
Cmd: compileComputeKernel
  api=4 insize=6745 outsize=898 ok=1
Cmd: compileComputeKernel
  api=4 insize=6745 outsize=3091 ok=1
Cmd: compileComputeKernel
  api=4 insize=9103 outsize=4225 ok=1
Cmd: compileComputeKernel
  api=4 insize=26542 outsize=15415 ok=1
Cmd: compileComputeKernel
  api=4 insize=16295 outsize=23927 ok=1
Cmd: compileComputeKernel
  api=4 insize=16295 outsize=43264 ok=1
Cmd: compileComputeKernel
  api=4 insize=16295 outsize=34333 ok=1
Cmd: compileComputeKernel
  api=4 insize=16295 outsize=79447 ok=1
Cmd: compileComputeKernel
  api=4 insize=16295 outsize=38626 ok=1
Cmd: compileComputeKernel
  api=4 insize=16295 outsize=100957 ok=1
Cmd: compileComputeKernel
  api=4 insize=16295 outsize=36177 ok=1
Cmd: compileComputeKernel
  api=4 insize=16295 outsize=103406 ok=1
Cmd: compileComputeKernel
  api=4 insize=3697 outsize=4319 ok=1
Cmd: compileComputeKernel
  api=4 insize=28593 outsize=5639 ok=1
Cmd: compileComputeKernel
  api=4 insize=7589 outsize=1128 ok=1
Cmd: compileComputeKernel
  api=4 insize=13959 outsize=4058 ok=1
Cmd: compileComputeKernel
  api=4 insize=10587 outsize=7759 ok=1
Cmd: compileSnippet
  api=4 type=1 insize=1602 outsize=6766 kw=UNITY_PASS_FORWARDBASE DIRECTIONAL LIGHTPROBE_SH pd=UNITY_ENABLE_REFLECTION_BUFFERS UNITY_USE_DITHER_MASK_FOR_ALPHABLENDED_SHADOWS UNITY_PBS_USE_BRDF1 UNITY_SPECCUBE_BOX_PROJECTION UNITY_SPECCUBE_BLENDING UNITY_ENABLE_DETAIL_NORMALMAP SHADER_API_DESKTOP UNITY_LIGHT_PROBE_PROXY_VOLUME UNITY_LIGHTMAP_FULL_HDR ok=1
Cmd: compileSnippet
  api=4 type=0 insize=6948 outsize=810 kw=UNITY_PASS_SHADOWCASTER _NORMALMAP_TANGENT_SPACE pd=UNITY_ENABLE_REFLECTION_BUFFERS UNITY_USE_DITHER_MASK_FOR_ALPHABLENDED_SHADOWS UNITY_PBS_USE_BRDF1 UNITY_SPECCUBE_BOX_PROJECTION UNITY_SPECCUBE_BLENDING UNITY_ENABLE_DETAIL_NORMALMAP SHADER_API_DESKTOP UNITY_LIGHT_PROBE_PROXY_VOLUME UNITY_LIGHTMAP_FULL_HDR ok=1
Cmd: compileSnippet
  api=4 type=0 insize=7331 outsize=1834 kw=UNITY_PASS_MOTIONVECTORS _NORMALMAP_TANGENT_SPACE pd=UNITY_ENABLE_REFLECTION_BUFFERS UNITY_USE_DITHER_MASK_FOR_ALPHABLENDED_SHADOWS UNITY_PBS_USE_BRDF1 UNITY_SPECCUBE_BOX_PROJECTION UNITY_SPECCUBE_BLENDING UNITY_ENABLE_DETAIL_NORMALMAP SHADER_API_DESKTOP UNITY_LIGHT_PROBE_PROXY_VOLUME UNITY_LIGHTMAP_FULL_HDR ok=1
Cmd: initializeCompiler
Cmd: compileComputeKernel
  api=4 insize=18731 outsize=10338 ok=1
Cmd: compileComputeKernel
  api=4 insize=11176 outsize=10429 ok=1
Cmd: compileComputeKernel
  api=4 insize=3174 outsize=375 ok=1
Cmd: compileSnippet
  api=4 type=1 insize=7919 outsize=10514 kw=DEBUG_DISPLAY DECALS_3RT _NORMALMAP_TANGENT_SPACE pd=UNITY_ENABLE_REFLECTION_BUFFERS UNITY_USE_DITHER_MASK_FOR_ALPHABLENDED_SHADOWS UNITY_PBS_USE_BRDF1 UNITY_SPECCUBE_BOX_PROJECTION UNITY_SPECCUBE_BLENDING UNITY_ENABLE_DETAIL_NORMALMAP SHADER_API_DESKTOP UNITY_LIGHT_PROBE_PROXY_VOLUME UNITY_LIGHTMAP_FULL_HDR ok=1
Cmd: compileSnippet
  api=4 type=1 insize=7443 outsize=142 kw= pd=UNITY_ENABLE_REFLECTION_BUFFERS UNITY_USE_DITHER_MASK_FOR_ALPHABLENDED_SHADOWS UNITY_PBS_USE_BRDF1 UNITY_SPECCUBE_BOX_PROJECTION UNITY_SPECCUBE_BLENDING UNITY_ENABLE_DETAIL_NORMALMAP SHADER_API_DESKTOP UNITY_LIGHT_PROBE_PROXY_VOLUME UNITY_LIGHTMAP_FULL_HDR ok=1
